<?xml version="1.0" encoding="UTF-8"?>
<!-- Generated by org.testng.reporters.JUnitXMLReporter -->
<testsuite ignored="0" hostname="DESKTOP-54M8AA4" failures="0" tests="4" name="Default test" time="7.739" errors="0" timestamp="2021-04-04T16:21:56 EET">
  <testcase classname="Petstore.PetTestCases" name="addPet" time="5.084"/>
  <testcase classname="Petstore.PetTestCases" name="getPetId" time="0.933"/>
  <testcase classname="Petstore.PetTestCases" name="updatePet" time="0.819"/>
  <testcase classname="Petstore.PetTestCases" name="deletePet" time="0.829"/>
</testsuite> <!-- Default test -->
